This file contains any messages produced by compilers while
running configure, to aid debugging if configure makes a mistake.

It was created by configure, which was
generated by GNU Autoconf 2.54.  Invocation command line was

  $ ./configure 

## --------- ##
## Platform. ##
## --------- ##

hostname = ronaldo21cn-Qosmio-X505
uname -m = i686
uname -r = 2.6.38-8-generic-pae
uname -s = Linux
uname -v = #42-Ubuntu SMP Mon Apr 11 05:17:09 UTC 2011

/usr/bin/uname -p = unknown
/bin/uname -X     = unknown

/bin/arch              = unknown
/usr/bin/arch -k       = unknown
/usr/convex/getsysinfo = unknown
hostinfo               = unknown
/bin/machine           = unknown
/usr/bin/oslevel       = unknown
/bin/universe          = unknown

PATH: /usr/local/sbin
PATH: /usr/local/bin
PATH: /usr/sbin
PATH: /usr/bin
PATH: /sbin
PATH: /bin
PATH: /usr/games


## ----------- ##
## Core tests. ##
## ----------- ##

configure:1466: checking for a BSD-compatible install
configure:1520: result: /usr/bin/install -c
configure:1531: checking whether build environment is sane
configure:1574: result: yes
configure:1607: checking for gawk
configure:1636: result: no
configure:1607: checking for mawk
configure:1623: found /usr/bin/mawk
configure:1633: result: mawk
configure:1643: checking whether make sets ${MAKE}
configure:1663: result: yes
configure:1877: checking for gcc
configure:1893: found /usr/bin/gcc
configure:1903: result: gcc
configure:2145: checking for C compiler version
configure:2148: gcc --version </dev/null >&5
gcc (Ubuntu/Linaro 4.5.2-8ubuntu4) 4.5.2
Copyright (C) 2010 Free Software Foundation, Inc.
This is free software; see the source for copying conditions.  There is NO
warranty; not even for MERCHANTABILITY or FITNESS FOR A PARTICULAR PURPOSE.

configure:2151: $? = 0
configure:2153: gcc -v </dev/null >&5
Using built-in specs.
COLLECT_GCC=gcc
COLLECT_LTO_WRAPPER=/usr/lib/i386-linux-gnu/gcc/i686-linux-gnu/4.5.2/lto-wrapper
Target: i686-linux-gnu
Configured with: ../src/configure -v --with-pkgversion='Ubuntu/Linaro 4.5.2-8ubuntu4' --with-bugurl=file:///usr/share/doc/gcc-4.5/README.Bugs --enable-languages=c,c++,fortran,objc,obj-c++ --prefix=/usr --program-suffix=-4.5 --enable-shared --enable-multiarch --with-multiarch-defaults=i386-linux-gnu --enable-linker-build-id --with-system-zlib --libexecdir=/usr/lib/i386-linux-gnu --without-included-gettext --enable-threads=posix --with-gxx-include-dir=/usr/include/c++/4.5 --libdir=/usr/lib/i386-linux-gnu --enable-nls --with-sysroot=/ --enable-clocale=gnu --enable-libstdcxx-debug --enable-libstdcxx-time=yes --enable-plugin --enable-gold --enable-ld=default --with-plugin-ld=ld.gold --enable-objc-gc --enable-targets=all --disable-werror --with-arch-32=i686 --with-tune=generic --enable-checking=release --build=i686-linux-gnu --host=i686-linux-gnu --target=i686-linux-gnu
Thread model: posix
gcc version 4.5.2 (Ubuntu/Linaro 4.5.2-8ubuntu4) 
configure:2156: $? = 0
configure:2158: gcc -V </dev/null >&5
gcc: '-V' option must have argument
configure:2161: $? = 1
configure:2181: checking for C compiler default output
configure:2184: gcc    conftest.c  >&5
configure:2187: $? = 0
configure:2221: result: a.out
configure:2226: checking whether the C compiler works
configure:2232: ./a.out
configure:2235: $? = 0
configure:2250: result: yes
configure:2257: checking whether we are cross compiling
configure:2259: result: no
configure:2262: checking for suffix of executables
configure:2264: gcc -o conftest    conftest.c  >&5
configure:2267: $? = 0
configure:2290: result: 
configure:2296: checking for suffix of object files
configure:2314: gcc -c   conftest.c >&5
configure:2317: $? = 0
configure:2336: result: o
configure:2340: checking whether we are using the GNU C compiler
configure:2361: gcc -c   conftest.c >&5
configure:2364: $? = 0
configure:2367: test -s conftest.o
configure:2370: $? = 0
configure:2382: result: yes
configure:2388: checking whether gcc accepts -g
configure:2406: gcc -c -g  conftest.c >&5
configure:2409: $? = 0
configure:2412: test -s conftest.o
configure:2415: $? = 0
configure:2425: result: yes
configure:2442: checking for gcc option to accept ANSI C
configure:2499: gcc  -c -g -O2  conftest.c >&5
configure:2502: $? = 0
configure:2505: test -s conftest.o
configure:2508: $? = 0
configure:2525: result: none needed
configure:2543: gcc -c -g -O2  conftest.c >&5
conftest.c:2:9: error: expected '=', ',', ';', 'asm' or '__attribute__' before 'me'
configure:2546: $? = 1
configure: failed program was:
#ifndef __cplusplus
  choke me
#endif
configure:2663: checking for style of include used by make
configure:2691: result: GNU
configure:2719: checking dependency style of gcc
configure:2781: result: gcc3
configure:2803: checking how to run the C preprocessor
configure:2829: gcc -E  conftest.c
configure:2835: $? = 0
configure:2862: gcc -E  conftest.c
configure:2858:28: fatal error: ac_nonexistent.h: No such file or directory
compilation terminated.
configure:2868: $? = 1
configure: failed program was:
#line 2857 "configure"
#include "confdefs.h"
#include <ac_nonexistent.h>
configure:2905: result: gcc -E
configure:2920: gcc -E  conftest.c
configure:2926: $? = 0
configure:2953: gcc -E  conftest.c
configure:2949:28: fatal error: ac_nonexistent.h: No such file or directory
compilation terminated.
configure:2959: $? = 1
configure: failed program was:
#line 2948 "configure"
#include "confdefs.h"
#include <ac_nonexistent.h>
configure:3050: checking for g++
configure:3066: found /usr/bin/g++
configure:3076: result: g++
configure:3092: checking for C++ compiler version
configure:3095: g++ --version </dev/null >&5
g++ (Ubuntu/Linaro 4.5.2-8ubuntu4) 4.5.2
Copyright (C) 2010 Free Software Foundation, Inc.
This is free software; see the source for copying conditions.  There is NO
warranty; not even for MERCHANTABILITY or FITNESS FOR A PARTICULAR PURPOSE.

configure:3098: $? = 0
configure:3100: g++ -v </dev/null >&5
Using built-in specs.
COLLECT_GCC=g++
COLLECT_LTO_WRAPPER=/usr/lib/i386-linux-gnu/gcc/i686-linux-gnu/4.5.2/lto-wrapper
Target: i686-linux-gnu
Configured with: ../src/configure -v --with-pkgversion='Ubuntu/Linaro 4.5.2-8ubuntu4' --with-bugurl=file:///usr/share/doc/gcc-4.5/README.Bugs --enable-languages=c,c++,fortran,objc,obj-c++ --prefix=/usr --program-suffix=-4.5 --enable-shared --enable-multiarch --with-multiarch-defaults=i386-linux-gnu --enable-linker-build-id --with-system-zlib --libexecdir=/usr/lib/i386-linux-gnu --without-included-gettext --enable-threads=posix --with-gxx-include-dir=/usr/include/c++/4.5 --libdir=/usr/lib/i386-linux-gnu --enable-nls --with-sysroot=/ --enable-clocale=gnu --enable-libstdcxx-debug --enable-libstdcxx-time=yes --enable-plugin --enable-gold --enable-ld=default --with-plugin-ld=ld.gold --enable-objc-gc --enable-targets=all --disable-werror --with-arch-32=i686 --with-tune=generic --enable-checking=release --build=i686-linux-gnu --host=i686-linux-gnu --target=i686-linux-gnu
Thread model: posix
gcc version 4.5.2 (Ubuntu/Linaro 4.5.2-8ubuntu4) 
configure:3103: $? = 0
configure:3105: g++ -V </dev/null >&5
g++: '-V' option must have argument
configure:3108: $? = 1
configure:3111: checking whether we are using the GNU C++ compiler
configure:3132: g++ -c   conftest.cc >&5
configure:3135: $? = 0
configure:3138: test -s conftest.o
configure:3141: $? = 0
configure:3153: result: yes
configure:3159: checking whether g++ accepts -g
configure:3177: g++ -c -g  conftest.cc >&5
configure:3180: $? = 0
configure:3183: test -s conftest.o
configure:3186: $? = 0
configure:3196: result: yes
configure:3236: g++ -c -g -O2  conftest.cc >&5
configure:3239: $? = 0
configure:3242: test -s conftest.o
configure:3245: $? = 0
configure:3267: g++ -c -g -O2  conftest.cc >&5
configure: In function 'int main()':
configure:3259:9: error: 'exit' was not declared in this scope
configure:3270: $? = 1
configure: failed program was:
#line 3254 "configure"
#include "confdefs.h"

int
main ()
{
exit (42);
  ;
  return 0;
}
configure:3236: g++ -c -g -O2  conftest.cc >&5
configure:3239: $? = 0
configure:3242: test -s conftest.o
configure:3245: $? = 0
configure:3267: g++ -c -g -O2  conftest.cc >&5
configure:3270: $? = 0
configure:3273: test -s conftest.o
configure:3276: $? = 0
configure:3300: checking dependency style of g++
configure:3362: result: gcc3
configure:3384: checking how to run the C++ preprocessor
configure:3406: g++ -E  conftest.cc
configure:3412: $? = 0
configure:3439: g++ -E  conftest.cc
configure:3435:28: fatal error: ac_nonexistent.h: No such file or directory
compilation terminated.
configure:3445: $? = 1
configure: failed program was:
#line 3434 "configure"
#include "confdefs.h"
#include <ac_nonexistent.h>
configure:3482: result: g++ -E
configure:3497: g++ -E  conftest.cc
configure:3503: $? = 0
configure:3530: g++ -E  conftest.cc
configure:3526:28: fatal error: ac_nonexistent.h: No such file or directory
compilation terminated.
configure:3536: $? = 1
configure: failed program was:
#line 3525 "configure"
#include "confdefs.h"
#include <ac_nonexistent.h>
configure:3575: checking whether make sets ${MAKE}
configure:3595: result: yes
configure:3676: checking build system type
configure:3694: result: i686-pc-linux-gnu
configure:3702: checking host system type
configure:3716: result: i686-pc-linux-gnu
configure:3746: checking for ld used by GCC
configure:3809: result: /usr/bin/ld
configure:3818: checking if the linker (/usr/bin/ld) is GNU ld
GNU ld (GNU Binutils for Ubuntu) 2.21.0.20110327
configure:3830: result: yes
configure:3835: checking for /usr/bin/ld option to reload object files
configure:3842: result: -r
configure:3847: checking for BSD-compatible nm
configure:3883: result: /usr/bin/nm -B
configure:3886: checking whether ln -s works
configure:3890: result: yes
configure:3897: checking how to recognise dependant libraries
configure:4075: result: pass_all
configure:4088: checking command to parse /usr/bin/nm -B output
configure:4169: gcc -c -g -O2  conftest.c >&5
configure:4172: $? = 0
configure:4176: /usr/bin/nm -B conftest.o \| sed -n -e 's/^.*[ 	]\([ABCDGISTW][ABCDGISTW]*\)[ 	][ 	]*\(\)\([_A-Za-z][_A-Za-z0-9]*\)$/\1 \2\3 \3/p' \> conftest.nm
configure:4179: $? = 0
configure:4231: gcc -o conftest -g -O2   conftest.c conftstm.o >&5
configure:4234: $? = 0
configure:4278: result: ok
configure:4283: checking for egrep
configure:4293: result: grep -E
configure:4298: checking for ANSI C header files
configure:4312: gcc -E  conftest.c
configure:4318: $? = 0
configure:4405: gcc -o conftest -g -O2   conftest.c  >&5
configure: In function 'main':
configure:4396:7: warning: incompatible implicit declaration of built-in function 'exit'
configure:4408: $? = 0
configure:4410: ./conftest
configure:4413: $? = 0
configure:4427: result: yes
configure:4451: checking for sys/types.h
configure:4464: gcc -c -g -O2  conftest.c >&5
configure:4467: $? = 0
configure:4470: test -s conftest.o
configure:4473: $? = 0
configure:4483: result: yes
configure:4451: checking for sys/stat.h
configure:4464: gcc -c -g -O2  conftest.c >&5
configure:4467: $? = 0
configure:4470: test -s conftest.o
configure:4473: $? = 0
configure:4483: result: yes
configure:4451: checking for stdlib.h
configure:4464: gcc -c -g -O2  conftest.c >&5
configure:4467: $? = 0
configure:4470: test -s conftest.o
configure:4473: $? = 0
configure:4483: result: yes
configure:4451: checking for string.h
configure:4464: gcc -c -g -O2  conftest.c >&5
configure:4467: $? = 0
configure:4470: test -s conftest.o
configure:4473: $? = 0
configure:4483: result: yes
configure:4451: checking for memory.h
configure:4464: gcc -c -g -O2  conftest.c >&5
configure:4467: $? = 0
configure:4470: test -s conftest.o
configure:4473: $? = 0
configure:4483: result: yes
configure:4451: checking for strings.h
configure:4464: gcc -c -g -O2  conftest.c >&5
configure:4467: $? = 0
configure:4470: test -s conftest.o
configure:4473: $? = 0
configure:4483: result: yes
configure:4451: checking for inttypes.h
configure:4464: gcc -c -g -O2  conftest.c >&5
configure:4467: $? = 0
configure:4470: test -s conftest.o
configure:4473: $? = 0
configure:4483: result: yes
configure:4451: checking for stdint.h
configure:4464: gcc -c -g -O2  conftest.c >&5
configure:4467: $? = 0
configure:4470: test -s conftest.o
configure:4473: $? = 0
configure:4483: result: yes
configure:4451: checking for unistd.h
configure:4464: gcc -c -g -O2  conftest.c >&5
configure:4467: $? = 0
configure:4470: test -s conftest.o
configure:4473: $? = 0
configure:4483: result: yes
configure:4509: checking dlfcn.h usability
configure:4518: gcc -c -g -O2  conftest.c >&5
configure:4521: $? = 0
configure:4524: test -s conftest.o
configure:4527: $? = 0
configure:4536: result: yes
configure:4540: checking dlfcn.h presence
configure:4547: gcc -E  conftest.c
configure:4553: $? = 0
configure:4571: result: yes
configure:4589: checking for dlfcn.h
configure:4596: result: yes
configure:4793: checking for ranlib
configure:4809: found /usr/bin/ranlib
configure:4820: result: ranlib
configure:4873: checking for strip
configure:4889: found /usr/bin/strip
configure:4900: result: strip
configure:5105: checking for objdir
configure:5116: result: .libs
configure:5133: checking for gcc option to produce PIC
configure:5283: result: -fPIC
configure:5287: checking if gcc PIC flag -fPIC works
configure:5307: gcc -c -g -O2 -fPIC -DPIC  conftest.c >&5
configure:5310: $? = 0
configure:5313: test -s conftest.o
configure:5316: $? = 0
configure:5353: result: yes
configure:5369: checking if gcc static flag -static works
configure:5390: gcc -o conftest -g -O2   -static conftest.c  >&5
configure:5393: $? = 0
configure:5396: test -s conftest
configure:5399: $? = 0
configure:5414: result: yes
configure:5426: checking if gcc supports -c -o file.o
configure:5446: gcc -c -g -O2 -o out/conftest2.o  conftest.c >&5
configure:5470: result: yes
configure:5475: checking if gcc supports -c -o file.lo
configure:5499: gcc -c -g -O2 -c -o conftest.lo  conftest.c >&5
configure:5502: $? = 0
configure:5505: test -s conftest.lo
configure:5508: $? = 0
configure:5529: result: yes
configure:5560: checking if gcc supports -fno-rtti -fno-exceptions
configure:5579: gcc -c -g -O2 -fno-rtti -fno-exceptions -c conftest.c  conftest.c >&5
cc1: warning: command line option "-fno-rtti" is valid for C++/ObjC++ but not for C
cc1: warning: command line option "-fno-rtti" is valid for C++/ObjC++ but not for C
configure:5582: $? = 0
configure:5585: test -s conftest.o
configure:5588: $? = 0
configure:5604: result: yes
configure:5615: checking whether the linker (/usr/bin/ld) supports shared libraries
configure:6295: result: yes
configure:6300: checking how to hardcode library paths into programs
configure:6324: result: immediate
configure:6329: checking whether stripping libraries is possible
configure:6334: result: yes
configure:6345: checking dynamic linker characteristics
configure:6738: result: GNU/Linux ld.so
configure:6743: checking if libtool supports shared libraries
configure:6745: result: yes
configure:6748: checking whether to build shared libraries
configure:6769: result: yes
configure:6772: checking whether to build static libraries
configure:6776: result: yes
configure:7402: checking whether -lc should be explicitly linked in
configure:7410: gcc -c -g -O2  conftest.c >&5
configure:7413: $? = 0
configure:7427: gcc -shared conftest.o  -v -Wl,-soname -Wl,conftest -o conftest 2\>\&1 \| grep  -lc  \>/dev/null 2\>\&1
configure:7430: $? = 0
configure:7443: result: no
configure:8015: checking for png_create_read_struct in -lpng
configure:8042: gcc -o conftest -g -O2   conftest.c -lpng -lz -lm  >&5
configure:8045: $? = 0
configure:8048: test -s conftest
configure:8051: $? = 0
configure:8062: result: yes
configure:8090: checking for jpeg_start_decompress in -ljpeg
configure:8117: gcc -o conftest -g -O2   conftest.c -ljpeg  -lpng -lz -lm  >&5
configure:8120: $? = 0
configure:8123: test -s conftest
configure:8126: $? = 0
configure:8137: result: yes
configure:8165: checking for ANSI C header files
configure:8294: result: yes
configure:8478: creating ./config.status

## ---------------------- ##
## Running config.status. ##
## ---------------------- ##

This file was extended by config.status, which was
generated by GNU Autoconf 2.54.  Invocation command line was

  CONFIG_FILES    = 
  CONFIG_HEADERS  = 
  CONFIG_LINKS    = 
  CONFIG_COMMANDS = 
  $ ./config.status 

on ronaldo21cn-Qosmio-X505

config.status:652: creating corona-config
config.status:652: creating Makefile
config.status:652: creating doc/Makefile
config.status:652: creating examples/Makefile
config.status:652: creating examples/formats/Makefile
config.status:652: creating src/Makefile
config.status:652: creating src/libungif-4.1.0/Makefile
config.status:777: executing depfiles commands
config.status:777: executing default commands

## ---------------- ##
## Cache variables. ##
## ---------------- ##

ac_cv_build=i686-pc-linux-gnu
ac_cv_build_alias=i686-pc-linux-gnu
ac_cv_c_compiler_gnu=yes
ac_cv_cxx_compiler_gnu=yes
ac_cv_env_CC_set=
ac_cv_env_CC_value=
ac_cv_env_CFLAGS_set=
ac_cv_env_CFLAGS_value=
ac_cv_env_CPPFLAGS_set=
ac_cv_env_CPPFLAGS_value=
ac_cv_env_CPP_set=
ac_cv_env_CPP_value=
ac_cv_env_CXXCPP_set=
ac_cv_env_CXXCPP_value=
ac_cv_env_CXXFLAGS_set=
ac_cv_env_CXXFLAGS_value=
ac_cv_env_CXX_set=
ac_cv_env_CXX_value=
ac_cv_env_LDFLAGS_set=
ac_cv_env_LDFLAGS_value=
ac_cv_env_build_alias_set=
ac_cv_env_build_alias_value=
ac_cv_env_host_alias_set=
ac_cv_env_host_alias_value=
ac_cv_env_target_alias_set=
ac_cv_env_target_alias_value=
ac_cv_exeext=
ac_cv_header_dlfcn_h=yes
ac_cv_header_inttypes_h=yes
ac_cv_header_memory_h=yes
ac_cv_header_stdc=yes
ac_cv_header_stdint_h=yes
ac_cv_header_stdlib_h=yes
ac_cv_header_string_h=yes
ac_cv_header_strings_h=yes
ac_cv_header_sys_stat_h=yes
ac_cv_header_sys_types_h=yes
ac_cv_header_unistd_h=yes
ac_cv_host=i686-pc-linux-gnu
ac_cv_host_alias=i686-pc-linux-gnu
ac_cv_lib_jpeg_jpeg_start_decompress=yes
ac_cv_lib_png_png_create_read_struct=yes
ac_cv_objext=o
ac_cv_path_install='/usr/bin/install -c'
ac_cv_prog_AWK=mawk
ac_cv_prog_CPP='gcc -E'
ac_cv_prog_CXXCPP='g++ -E'
ac_cv_prog_ac_ct_CC=gcc
ac_cv_prog_ac_ct_CXX=g++
ac_cv_prog_ac_ct_RANLIB=ranlib
ac_cv_prog_ac_ct_STRIP=strip
ac_cv_prog_cc_g=yes
ac_cv_prog_cc_stdc=
ac_cv_prog_cxx_g=yes
ac_cv_prog_egrep='grep -E'
ac_cv_prog_make_make_set=yes
am_cv_CC_dependencies_compiler_type=gcc3
am_cv_CXX_dependencies_compiler_type=gcc3
lt_cv_archive_cmds_need_lc=no
lt_cv_compiler_c_o=yes
lt_cv_compiler_o_lo=yes
lt_cv_deplibs_check_method=pass_all
lt_cv_file_magic_cmd='$MAGIC_CMD'
lt_cv_file_magic_test_file='/lib/libc.so* /lib/libc-*.so'
lt_cv_global_symbol_to_c_name_address='sed -n -e '\''s/^: \([^ ]*\) $/  {\"\1\", (lt_ptr) 0},/p'\'' -e '\''s/^[BCDEGRST] \([^ ]*\) \([^ ]*\)$/  {"\2", (lt_ptr) \&\2},/p'\'''
lt_cv_global_symbol_to_cdecl='sed -n -e '\''s/^. .* \(.*\)$/extern char \1;/p'\'''
lt_cv_ld_reload_flag=-r
lt_cv_path_LD=/usr/bin/ld
lt_cv_path_NM='/usr/bin/nm -B'
lt_cv_prog_cc_can_build_shared=yes
lt_cv_prog_cc_no_builtin=
lt_cv_prog_cc_pic=' -fPIC'
lt_cv_prog_cc_pic_works=yes
lt_cv_prog_cc_shlib=
lt_cv_prog_cc_static=-static
lt_cv_prog_cc_static_works=yes
lt_cv_prog_cc_wl=-Wl,
lt_cv_prog_gnu_ld=yes
lt_cv_sys_global_symbol_pipe='sed -n -e '\''s/^.*[ 	]\([ABCDGISTW][ABCDGISTW]*\)[ 	][ 	]*\(\)\([_A-Za-z][_A-Za-z0-9]*\)$/\1 \2\3 \3/p'\'''

## ----------------- ##
## Output variables. ##
## ----------------- ##

ACLOCAL='${SHELL} /home/ronaldo21cn/Program/imagestitch/corona/config/missing --run aclocal-1.7'
AMDEPBACKSLASH='\'
AMDEP_FALSE='#'
AMDEP_TRUE=''
AMTAR='${SHELL} /home/ronaldo21cn/Program/imagestitch/corona/config/missing --run tar'
AUTOCONF='${SHELL} /home/ronaldo21cn/Program/imagestitch/corona/config/missing --run autoconf'
AUTOHEADER='${SHELL} /home/ronaldo21cn/Program/imagestitch/corona/config/missing --run autoheader'
AUTOMAKE='${SHELL} /home/ronaldo21cn/Program/imagestitch/corona/config/missing --run automake-1.7'
AWK='mawk'
CC='gcc'
CCDEPMODE='depmode=gcc3'
CFLAGS='-g -O2 -Wall -Wno-non-virtual-dtor'
CPP='gcc -E'
CPPFLAGS=''
CXX='g++'
CXXCPP='g++ -E'
CXXDEPMODE='depmode=gcc3'
CXXFLAGS='-g -O2 -Wall -Wno-non-virtual-dtor'
CYGPATH_W='echo'
DEFS='-DPACKAGE_NAME=\"\" -DPACKAGE_TARNAME=\"\" -DPACKAGE_VERSION=\"\" -DPACKAGE_STRING=\"\" -DPACKAGE_BUGREPORT=\"\" -DPACKAGE=\"corona\" -DVERSION=\"1.0.0\" -DSTDC_HEADERS=1 -DHAVE_SYS_TYPES_H=1 -DHAVE_SYS_STAT_H=1 -DHAVE_STDLIB_H=1 -DHAVE_STRING_H=1 -DHAVE_MEMORY_H=1 -DHAVE_STRINGS_H=1 -DHAVE_INTTYPES_H=1 -DHAVE_STDINT_H=1 -DHAVE_UNISTD_H=1 -DHAVE_DLFCN_H=1 -DSTDC_HEADERS=1 '
DEPDIR='.deps'
ECHO='echo'
ECHO_C=''
ECHO_N='-n'
ECHO_T=''
EGREP='grep -E'
EXEEXT=''
EXTRA_LIBS='-ljpeg -lpng -lz -lm '
INSTALL_DATA='${INSTALL} -m 644'
INSTALL_PROGRAM='${INSTALL}'
INSTALL_SCRIPT='${INSTALL}'
INSTALL_STRIP_PROGRAM='${SHELL} $(install_sh) -c -s'
LDFLAGS=''
LIBOBJS=''
LIBS='-ljpeg -lpng -lz -lm '
LIBTOOL='$(SHELL) $(top_builddir)/libtool'
LN_S='ln -s'
LTLIBOBJS=''
MAKEINFO='${SHELL} /home/ronaldo21cn/Program/imagestitch/corona/config/missing --run makeinfo'
NO_JPEG_FALSE=''
NO_JPEG_TRUE='#'
NO_PNG_FALSE=''
NO_PNG_TRUE='#'
OBJEXT='o'
PACKAGE='corona'
PACKAGE_BUGREPORT=''
PACKAGE_NAME=''
PACKAGE_STRING=''
PACKAGE_TARNAME=''
PACKAGE_VERSION=''
PATH_SEPARATOR=':'
RANLIB='ranlib'
SET_MAKE=''
SHELL='/bin/bash'
STRIP='strip'
VERSION='1.0.0'
ac_ct_CC='gcc'
ac_ct_CXX='g++'
ac_ct_RANLIB='ranlib'
ac_ct_STRIP='strip'
am__fastdepCC_FALSE='#'
am__fastdepCC_TRUE=''
am__fastdepCXX_FALSE='#'
am__fastdepCXX_TRUE=''
am__include='include'
am__quote=''
bindir='${exec_prefix}/bin'
build='i686-pc-linux-gnu'
build_alias=''
build_cpu='i686'
build_os='linux-gnu'
build_vendor='pc'
datadir='${prefix}/share'
exec_prefix='${prefix}'
host='i686-pc-linux-gnu'
host_alias=''
host_cpu='i686'
host_os='linux-gnu'
host_vendor='pc'
includedir='${prefix}/include'
infodir='${prefix}/info'
install_sh='/home/ronaldo21cn/Program/imagestitch/corona/config/install-sh'
libdir='${exec_prefix}/lib'
libexecdir='${exec_prefix}/libexec'
localstatedir='${prefix}/var'
mandir='${prefix}/man'
oldincludedir='/usr/include'
prefix='/usr/local'
program_transform_name='s,x,x,'
sbindir='${exec_prefix}/sbin'
sharedstatedir='${prefix}/com'
sysconfdir='${prefix}/etc'
target_alias=''

## ----------- ##
## confdefs.h. ##
## ----------- ##

#define HAVE_DLFCN_H 1
#define HAVE_INTTYPES_H 1
#define HAVE_MEMORY_H 1
#define HAVE_STDINT_H 1
#define HAVE_STDLIB_H 1
#define HAVE_STRINGS_H 1
#define HAVE_STRING_H 1
#define HAVE_SYS_STAT_H 1
#define HAVE_SYS_TYPES_H 1
#define HAVE_UNISTD_H 1
#define PACKAGE "corona"
#define PACKAGE_BUGREPORT ""
#define PACKAGE_NAME ""
#define PACKAGE_STRING ""
#define PACKAGE_TARNAME ""
#define PACKAGE_VERSION ""
#define STDC_HEADERS 1
#define STDC_HEADERS 1
#define VERSION "1.0.0"
#endif
#ifdef __cplusplus
#include <stdlib.h>

configure: exit 0
